<?xml version="1.0" encoding="UTF-8"?>
<testng-results skipped="0" failed="0" ignored="0" total="1" passed="1">
  <reporter-output>
  </reporter-output>
  <suite name="Suite" duration-ms="16989" started-at="2021-06-06T22:48:35 IST" finished-at="2021-06-06T22:48:52 IST">
    <groups>
    </groups>
    <test name="Test" duration-ms="16989" started-at="2021-06-06T22:48:35 IST" finished-at="2021-06-06T22:48:52 IST">
      <class name="MavenforJenkins.AppTest">
        <test-method status="PASS" signature="GoogleSearch()[pri:0, instance:MavenforJenkins.AppTest@286778]" name="GoogleSearch" duration-ms="16941" started-at="2021-06-06T22:48:35 IST" finished-at="2021-06-06T22:48:52 IST">
          <reporter-output>
          </reporter-output>
        </test-method> <!-- GoogleSearch -->
      </class> <!-- MavenforJenkins.AppTest -->
    </test> <!-- Test -->
  </suite> <!-- Suite -->
</testng-results>
