<?xml version="1.0" encoding="UTF-8"?>
<testng-results skipped="0" failed="0" ignored="0" total="1" passed="1">
  <reporter-output>
  </reporter-output>
  <suite name="Default suite" duration-ms="32526" started-at="2021-06-06T16:27:10Z" finished-at="2021-06-06T16:27:43Z">
    <groups>
    </groups>
    <test name="Default test" duration-ms="32526" started-at="2021-06-06T16:27:10Z" finished-at="2021-06-06T16:27:43Z">
      <class name="MavenforJenkins.AppTest">
        <test-method status="PASS" signature="GoogleSearch()[pri:0, instance:MavenforJenkins.AppTest@3bd550]" name="GoogleSearch" duration-ms="32459" started-at="2021-06-06T16:27:10Z" finished-at="2021-06-06T16:27:43Z">
          <reporter-output>
          </reporter-output>
        </test-method> <!-- GoogleSearch -->
      </class> <!-- MavenforJenkins.AppTest -->
    </test> <!-- Default test -->
  </suite> <!-- Default suite -->
</testng-results>
